Build started 7/16/2018 11:10:05 AM.
     1>Project "D:\PNG\lpng1634\projects\vstudio\libpng\libpng.vcxproj" on node 2 (Build target(s)).
     1>InitializeBuildStatus:
         Touching "x64\Release\libpng.unsuccessfulbuild".
       ClCompile:
         All outputs are up-to-date.
         All outputs are up-to-date.
       ResourceCompile:
         All outputs are up-to-date.
       Link:
         C:\Program Files (x86)\Microsoft Visual Studio 11.0\VC\bin\x86_amd64\link.exe /ERRORREPORT:PROMPT /OUT:"D:\PNG\lpng1634\projects\vstudio\x64\Release\libpng16.dll" /VERSION:"16" /INCREMENTAL:NO /NOLOGO /LIBPATH:D:\PNG\lpng1634\projects\vstudio\x64\Release\ zlib.lib /MANIFEST /MANIFESTUAC:"level='asInvoker' uiAccess='false'" /manifest:embed /DEBUG /PDB:"D:\PNG\lpng1634\projects\vstudio\x64\Release\libpng16.pdb" /SUBSYSTEM:WINDOWS /OPT:REF /OPT:ICF /LTCG /TLBID:1 /DYNAMICBASE /NXCOMPAT /IMPLIB:"D:\PNG\lpng1634\projects\vstudio\x64\Release\libpng16.lib" /MACHINE:X64 /DLL x64\Release\pngwin.res
         x64\Release\png.obj
         x64\Release\pngerror.obj
         x64\Release\pngget.obj
         x64\Release\pngmem.obj
         x64\Release\pngpread.obj
         x64\Release\pngread.obj
         x64\Release\pngrio.obj
         x64\Release\pngrtran.obj
         x64\Release\pngrutil.obj
         x64\Release\pngset.obj
         x64\Release\pngtrans.obj
         x64\Release\pngwio.obj
         x64\Release\pngwrite.obj
         x64\Release\pngwtran.obj
         x64\Release\pngwutil.obj
     1>LINK : fatal error LNK1181: cannot open input file 'zlib.lib'
     1>Done Building Project "D:\PNG\lpng1634\projects\vstudio\libpng\libpng.vcxproj" (Build target(s)) -- FAILED.

Build FAILED.

Time Elapsed 00:00:00.11
