D:\PNG\LPNG1634\PROJECTS\VSTUDIO\DEBUG\PNGUNKNOWN.BSC
D:\PNG\LPNG1634\PROJECTS\VSTUDIO\PNGUNKNOWN\DEBUG\PNGUNKNOWN.SBR
D:\PNG\LPNG1634\PROJECTS\VSTUDIO\PNGUNKNOWN\DEBUG\PNGUNKNOWN.OBJ
D:\PNG\LPNG1634\PROJECTS\VSTUDIO\PNGUNKNOWN\DEBUG\VC110.PDB
D:\PNG\LPNG1634\PROJECTS\VSTUDIO\DEBUG\PNGUNKNOWN.EXE
D:\PNG\LPNG1634\PROJECTS\VSTUDIO\DEBUG\PNGUNKNOWN.PDB
D:\PNG\lpng1634\projects\vstudio\pngunknown\Debug\pngunknown.out
D:\GitHub\Hello-world1\lpng1634\projects\vstudio\pngunknown\Debug\pngunknown.obj
D:\GitHub\Hello-world1\lpng1634\projects\vstudio\pngunknown\Debug\BscMake.command.1.tlog
D:\GitHub\Hello-world1\lpng1634\projects\vstudio\pngunknown\Debug\bscmake.read.1.tlog
D:\GitHub\Hello-world1\lpng1634\projects\vstudio\pngunknown\Debug\bscmake.write.1.tlog
D:\GitHub\Hello-world1\lpng1634\projects\vstudio\pngunknown\Debug\cl.command.1.tlog
D:\GitHub\Hello-world1\lpng1634\projects\vstudio\pngunknown\Debug\CL.read.1.tlog
D:\GitHub\Hello-world1\lpng1634\projects\vstudio\pngunknown\Debug\CL.write.1.tlog
D:\GitHub\Hello-world1\lpng1634\projects\vstudio\pngunknown\Debug\link-cvtres.read.1.tlog
D:\GitHub\Hello-world1\lpng1634\projects\vstudio\pngunknown\Debug\link-cvtres.write.1.tlog
D:\GitHub\Hello-world1\lpng1634\projects\vstudio\pngunknown\Debug\link-rc.read.1.tlog
D:\GitHub\Hello-world1\lpng1634\projects\vstudio\pngunknown\Debug\link-rc.write.1.tlog
D:\GitHub\Hello-world1\lpng1634\projects\vstudio\pngunknown\Debug\link.command.1.tlog
D:\GitHub\Hello-world1\lpng1634\projects\vstudio\pngunknown\Debug\link.read.1.tlog
D:\GitHub\Hello-world1\lpng1634\projects\vstudio\pngunknown\Debug\link.write.1.tlog
D:\GitHub\Hello-world1\lpng1634\projects\vstudio\pngunknown\Debug\pngunknown.write.1.tlog
D:\GitHub\Hello-world1\lpng1634\projects\vstudio\pngunknown\Debug\vc110.pdb
D:\GitHub\Hello-world1\lpng1634\projects\vstudio\pngunknown\Debug\pngunknown.sbr
