D:\GITHUB\HELLO-WORLD1\LPNG1634\PROJECTS\VSTUDIO\X64\DEBUG\LIBPNG16.BSC
D:\GITHUB\HELLO-WORLD1\LPNG1634\PROJECTS\VSTUDIO\LIBPNG\X64\DEBUG\LIBPNG16.PCH
D:\GITHUB\HELLO-WORLD1\LPNG1634\PROJECTS\VSTUDIO\LIBPNG\X64\DEBUG\PNG.SBR
D:\GITHUB\HELLO-WORLD1\LPNG1634\PROJECTS\VSTUDIO\LIBPNG\X64\DEBUG\PNG.OBJ
D:\GITHUB\HELLO-WORLD1\LPNG1634\PROJECTS\VSTUDIO\LIBPNG\X64\DEBUG\VC110.PDB
D:\GITHUB\HELLO-WORLD1\LPNG1634\PROJECTS\VSTUDIO\LIBPNG\X64\DEBUG\PNGERROR.SBR
D:\GITHUB\HELLO-WORLD1\LPNG1634\PROJECTS\VSTUDIO\LIBPNG\X64\DEBUG\PNGGET.SBR
D:\GITHUB\HELLO-WORLD1\LPNG1634\PROJECTS\VSTUDIO\LIBPNG\X64\DEBUG\PNGMEM.SBR
D:\GITHUB\HELLO-WORLD1\LPNG1634\PROJECTS\VSTUDIO\LIBPNG\X64\DEBUG\PNGPREAD.SBR
D:\GITHUB\HELLO-WORLD1\LPNG1634\PROJECTS\VSTUDIO\LIBPNG\X64\DEBUG\PNGREAD.SBR
D:\GITHUB\HELLO-WORLD1\LPNG1634\PROJECTS\VSTUDIO\LIBPNG\X64\DEBUG\PNGRIO.SBR
D:\GITHUB\HELLO-WORLD1\LPNG1634\PROJECTS\VSTUDIO\LIBPNG\X64\DEBUG\PNGRTRAN.SBR
D:\GITHUB\HELLO-WORLD1\LPNG1634\PROJECTS\VSTUDIO\LIBPNG\X64\DEBUG\PNGRUTIL.SBR
D:\GITHUB\HELLO-WORLD1\LPNG1634\PROJECTS\VSTUDIO\LIBPNG\X64\DEBUG\PNGSET.SBR
D:\GITHUB\HELLO-WORLD1\LPNG1634\PROJECTS\VSTUDIO\LIBPNG\X64\DEBUG\PNGTRANS.SBR
D:\GITHUB\HELLO-WORLD1\LPNG1634\PROJECTS\VSTUDIO\LIBPNG\X64\DEBUG\PNGWIO.SBR
D:\GITHUB\HELLO-WORLD1\LPNG1634\PROJECTS\VSTUDIO\LIBPNG\X64\DEBUG\PNGWRITE.SBR
D:\GITHUB\HELLO-WORLD1\LPNG1634\PROJECTS\VSTUDIO\LIBPNG\X64\DEBUG\PNGWTRAN.SBR
D:\GITHUB\HELLO-WORLD1\LPNG1634\PROJECTS\VSTUDIO\LIBPNG\X64\DEBUG\PNGWUTIL.SBR
D:\GITHUB\HELLO-WORLD1\LPNG1634\PROJECTS\VSTUDIO\LIBPNG\X64\DEBUG\PNGWUTIL.OBJ
D:\GITHUB\HELLO-WORLD1\LPNG1634\PROJECTS\VSTUDIO\LIBPNG\X64\DEBUG\PNGWTRAN.OBJ
D:\GITHUB\HELLO-WORLD1\LPNG1634\PROJECTS\VSTUDIO\LIBPNG\X64\DEBUG\PNGWRITE.OBJ
D:\GITHUB\HELLO-WORLD1\LPNG1634\PROJECTS\VSTUDIO\LIBPNG\X64\DEBUG\PNGWIO.OBJ
D:\GITHUB\HELLO-WORLD1\LPNG1634\PROJECTS\VSTUDIO\LIBPNG\X64\DEBUG\PNGTRANS.OBJ
D:\GITHUB\HELLO-WORLD1\LPNG1634\PROJECTS\VSTUDIO\LIBPNG\X64\DEBUG\PNGSET.OBJ
D:\GITHUB\HELLO-WORLD1\LPNG1634\PROJECTS\VSTUDIO\LIBPNG\X64\DEBUG\PNGRUTIL.OBJ
D:\GITHUB\HELLO-WORLD1\LPNG1634\PROJECTS\VSTUDIO\LIBPNG\X64\DEBUG\PNGRTRAN.OBJ
D:\GITHUB\HELLO-WORLD1\LPNG1634\PROJECTS\VSTUDIO\LIBPNG\X64\DEBUG\PNGRIO.OBJ
D:\GITHUB\HELLO-WORLD1\LPNG1634\PROJECTS\VSTUDIO\LIBPNG\X64\DEBUG\PNGREAD.OBJ
D:\GITHUB\HELLO-WORLD1\LPNG1634\PROJECTS\VSTUDIO\LIBPNG\X64\DEBUG\PNGPREAD.OBJ
D:\GITHUB\HELLO-WORLD1\LPNG1634\PROJECTS\VSTUDIO\LIBPNG\X64\DEBUG\PNGMEM.OBJ
D:\GITHUB\HELLO-WORLD1\LPNG1634\PROJECTS\VSTUDIO\LIBPNG\X64\DEBUG\PNGGET.OBJ
D:\GITHUB\HELLO-WORLD1\LPNG1634\PROJECTS\VSTUDIO\LIBPNG\X64\DEBUG\PNGERROR.OBJ
D:\GitHub\Hello-world1\lpng1634\projects\vstudio\x64\Debug\libpng16.lib
D:\GitHub\Hello-world1\lpng1634\projects\vstudio\x64\Debug\libpng16.exp
D:\GITHUB\HELLO-WORLD1\LPNG1634\PROJECTS\VSTUDIO\X64\DEBUG\LIBPNG16.DLL
D:\GITHUB\HELLO-WORLD1\LPNG1634\PROJECTS\VSTUDIO\X64\DEBUG\LIBPNG16.PDB
D:\GITHUB\HELLO-WORLD1\LPNG1634\PROJECTS\VSTUDIO\LIBPNG\X64\DEBUG\PNGWIN.RES
D:\GitHub\Hello-world1\lpng1634\projects\vstudio\libpng\x64\Debug\png.obj
D:\GitHub\Hello-world1\lpng1634\projects\vstudio\libpng\x64\Debug\pngerror.obj
D:\GitHub\Hello-world1\lpng1634\projects\vstudio\libpng\x64\Debug\pngget.obj
D:\GitHub\Hello-world1\lpng1634\projects\vstudio\libpng\x64\Debug\pngmem.obj
D:\GitHub\Hello-world1\lpng1634\projects\vstudio\libpng\x64\Debug\pngpread.obj
D:\GitHub\Hello-world1\lpng1634\projects\vstudio\libpng\x64\Debug\pngread.obj
D:\GitHub\Hello-world1\lpng1634\projects\vstudio\libpng\x64\Debug\pngrio.obj
D:\GitHub\Hello-world1\lpng1634\projects\vstudio\libpng\x64\Debug\pngrtran.obj
D:\GitHub\Hello-world1\lpng1634\projects\vstudio\libpng\x64\Debug\pngrutil.obj
D:\GitHub\Hello-world1\lpng1634\projects\vstudio\libpng\x64\Debug\pngset.obj
D:\GitHub\Hello-world1\lpng1634\projects\vstudio\libpng\x64\Debug\pngtrans.obj
D:\GitHub\Hello-world1\lpng1634\projects\vstudio\libpng\x64\Debug\pngwio.obj
D:\GitHub\Hello-world1\lpng1634\projects\vstudio\libpng\x64\Debug\pngwrite.obj
D:\GitHub\Hello-world1\lpng1634\projects\vstudio\libpng\x64\Debug\pngwtran.obj
D:\GitHub\Hello-world1\lpng1634\projects\vstudio\libpng\x64\Debug\pngwutil.obj
D:\GitHub\Hello-world1\lpng1634\projects\vstudio\libpng\x64\Debug\BscMake.command.1.tlog
D:\GitHub\Hello-world1\lpng1634\projects\vstudio\libpng\x64\Debug\bscmake.read.1.tlog
D:\GitHub\Hello-world1\lpng1634\projects\vstudio\libpng\x64\Debug\bscmake.write.1.tlog
D:\GitHub\Hello-world1\lpng1634\projects\vstudio\libpng\x64\Debug\cl.command.1.tlog
D:\GitHub\Hello-world1\lpng1634\projects\vstudio\libpng\x64\Debug\CL.read.1.tlog
D:\GitHub\Hello-world1\lpng1634\projects\vstudio\libpng\x64\Debug\CL.write.1.tlog
D:\GitHub\Hello-world1\lpng1634\projects\vstudio\libpng\x64\Debug\libpng.write.1.tlog
D:\GitHub\Hello-world1\lpng1634\projects\vstudio\libpng\x64\Debug\link-cvtres.read.1.tlog
D:\GitHub\Hello-world1\lpng1634\projects\vstudio\libpng\x64\Debug\link-cvtres.write.1.tlog
D:\GitHub\Hello-world1\lpng1634\projects\vstudio\libpng\x64\Debug\link-rc.read.1.tlog
D:\GitHub\Hello-world1\lpng1634\projects\vstudio\libpng\x64\Debug\link-rc.write.1.tlog
D:\GitHub\Hello-world1\lpng1634\projects\vstudio\libpng\x64\Debug\link.command.1.tlog
D:\GitHub\Hello-world1\lpng1634\projects\vstudio\libpng\x64\Debug\link.read.1.tlog
D:\GitHub\Hello-world1\lpng1634\projects\vstudio\libpng\x64\Debug\link.write.1.tlog
D:\GitHub\Hello-world1\lpng1634\projects\vstudio\libpng\x64\Debug\rc.command.1.tlog
D:\GitHub\Hello-world1\lpng1634\projects\vstudio\libpng\x64\Debug\rc.read.1.tlog
D:\GitHub\Hello-world1\lpng1634\projects\vstudio\libpng\x64\Debug\rc.write.1.tlog
D:\GitHub\Hello-world1\lpng1634\projects\vstudio\libpng\x64\Debug\pngwin.res
D:\GitHub\Hello-world1\lpng1634\projects\vstudio\libpng\x64\Debug\libpng16.pch
D:\GitHub\Hello-world1\lpng1634\projects\vstudio\libpng\x64\Debug\vc110.pdb
D:\GitHub\Hello-world1\lpng1634\projects\vstudio\libpng\x64\Debug\png.sbr
D:\GitHub\Hello-world1\lpng1634\projects\vstudio\libpng\x64\Debug\pngerror.sbr
D:\GitHub\Hello-world1\lpng1634\projects\vstudio\libpng\x64\Debug\pngget.sbr
D:\GitHub\Hello-world1\lpng1634\projects\vstudio\libpng\x64\Debug\pngmem.sbr
D:\GitHub\Hello-world1\lpng1634\projects\vstudio\libpng\x64\Debug\pngpread.sbr
D:\GitHub\Hello-world1\lpng1634\projects\vstudio\libpng\x64\Debug\pngread.sbr
D:\GitHub\Hello-world1\lpng1634\projects\vstudio\libpng\x64\Debug\pngrio.sbr
D:\GitHub\Hello-world1\lpng1634\projects\vstudio\libpng\x64\Debug\pngrtran.sbr
D:\GitHub\Hello-world1\lpng1634\projects\vstudio\libpng\x64\Debug\pngrutil.sbr
D:\GitHub\Hello-world1\lpng1634\projects\vstudio\libpng\x64\Debug\pngset.sbr
D:\GitHub\Hello-world1\lpng1634\projects\vstudio\libpng\x64\Debug\pngtrans.sbr
D:\GitHub\Hello-world1\lpng1634\projects\vstudio\libpng\x64\Debug\pngwio.sbr
D:\GitHub\Hello-world1\lpng1634\projects\vstudio\libpng\x64\Debug\pngwrite.sbr
D:\GitHub\Hello-world1\lpng1634\projects\vstudio\libpng\x64\Debug\pngwtran.sbr
D:\GitHub\Hello-world1\lpng1634\projects\vstudio\libpng\x64\Debug\pngwutil.sbr
D:\GitHub\Hello-world1\lpng1634\projects\vstudio\x64\Debug\libpng16.pdb
D:\GitHub\Hello-world1\lpng1634\projects\vstudio\x64\Debug\libpng16.dll
D:\GitHub\Hello-world1\lpng1634\projects\vstudio\x64\Debug\libpng16.bsc
