Build started 8/14/2018 10:56:10 AM.
     1>Project "D:\GitHub\Hello-world1\lpng1634\projects\vstudio\zlib\zlib.vcxproj" on node 2 (Rebuild target(s)).
     1>_PrepareForClean:
         Deleting file "Debug\zlib.lastbuildstate".
       InitializeBuildStatus:
         Creating "Debug\zlib.unsuccessfulbuild" because "AlwaysCreate" was specified.
       ClCompile:
         C:\Program Files (x86)\Microsoft Visual Studio 11.0\VC\bin\CL.exe /c /Zi /nologo /Wall /WX /Od /Oy- /D WIN32 /D _DEBUG /D _WINDOWS /D Z_SOLO /Gm- /EHsc /MDd /GS /Gy /fp:precise /Zc:wchar_t /Zc:forScope /Fo"Debug\\" /Fd"Debug\vc110.pdb" /FR"Debug\\" /Gd /TC /wd4255 /wd4668 /wd4710 /wd4711 /wd4746 /wd4820 /wd4996 /wd4127 /wd4131 /wd4242 /wd4244 /analyze- /errorReport:prompt "..\..\..\..\zlib-1.2.11\adler32.c" "..\..\..\..\zlib-1.2.11\compress.c" "..\..\..\..\zlib-1.2.11\crc32.c" "..\..\..\..\zlib-1.2.11\deflate.c" "..\..\..\..\zlib-1.2.11\infback.c" "..\..\..\..\zlib-1.2.11\inffast.c" "..\..\..\..\zlib-1.2.11\inflate.c" "..\..\..\..\zlib-1.2.11\inftrees.c" "..\..\..\..\zlib-1.2.11\trees.c" "..\..\..\..\zlib-1.2.11\uncompr.c" "..\..\..\..\zlib-1.2.11\zutil.c"
         adler32.c
         compress.c
         crc32.c
         deflate.c
         infback.c
         inffast.c
         inflate.c
         inftrees.c
         trees.c
         uncompr.c
         zutil.c
         Generating Code...
       Lib:
         C:\Program Files (x86)\Microsoft Visual Studio 11.0\VC\bin\Lib.exe /OUT:"D:\GitHub\Hello-world1\lpng1634\projects\vstudio\Debug\zlib.lib" /NOLOGO Debug\adler32.obj
         Debug\compress.obj
         Debug\crc32.obj
         Debug\deflate.obj
         Debug\infback.obj
         Debug\inffast.obj
         Debug\inflate.obj
         Debug\inftrees.obj
         Debug\trees.obj
         Debug\uncompr.obj
         Debug\zutil.obj
         zlib.vcxproj -> D:\GitHub\Hello-world1\lpng1634\projects\vstudio\Debug\zlib.lib
       BscMake:
         C:\Program Files (x86)\Microsoft Visual Studio 11.0\VC\bin\bscmake.exe /nologo /o"D:\GitHub\Hello-world1\lpng1634\projects\vstudio\Debug\zlib.bsc" Debug\adler32.sbr Debug\compress.sbr Debug\crc32.sbr Debug\deflate.sbr Debug\infback.sbr Debug\inffast.sbr Debug\inflate.sbr Debug\inftrees.sbr Debug\trees.sbr Debug\uncompr.sbr Debug\zutil.sbr
       FinalizeBuildStatus:
         Deleting file "Debug\zlib.unsuccessfulbuild".
         Touching "Debug\zlib.lastbuildstate".
     1>Done Building Project "D:\GitHub\Hello-world1\lpng1634\projects\vstudio\zlib\zlib.vcxproj" (Rebuild target(s)).

Build succeeded.

Time Elapsed 00:00:00.78
