D:\PNG\LPNG1634\PROJECTS\VSTUDIO\PROJECT1\DEBUG\SOURCE.OBJ
D:\PNG\LPNG1634\PROJECTS\VSTUDIO\PROJECT1\DEBUG\VC110.PDB
D:\GitHub\Hello-world1\lpng1634\projects\vstudio\Project1\Debug\Source.obj
D:\GitHub\Hello-world1\lpng1634\projects\vstudio\Project1\Debug\cl.command.1.tlog
D:\GitHub\Hello-world1\lpng1634\projects\vstudio\Project1\Debug\CL.read.1.tlog
D:\GitHub\Hello-world1\lpng1634\projects\vstudio\Project1\Debug\CL.write.1.tlog
D:\GitHub\Hello-world1\lpng1634\projects\vstudio\Project1\Debug\link-cvtres.read.1.tlog
D:\GitHub\Hello-world1\lpng1634\projects\vstudio\Project1\Debug\link-cvtres.write.1.tlog
D:\GitHub\Hello-world1\lpng1634\projects\vstudio\Project1\Debug\link-rc.read.1.tlog
D:\GitHub\Hello-world1\lpng1634\projects\vstudio\Project1\Debug\link-rc.write.1.tlog
D:\GitHub\Hello-world1\lpng1634\projects\vstudio\Project1\Debug\link.18832-cvtres.read.1.tlog
D:\GitHub\Hello-world1\lpng1634\projects\vstudio\Project1\Debug\link.18832-cvtres.write.1.tlog
D:\GitHub\Hello-world1\lpng1634\projects\vstudio\Project1\Debug\link.18832-rc.read.1.tlog
D:\GitHub\Hello-world1\lpng1634\projects\vstudio\Project1\Debug\link.18832-rc.write.1.tlog
D:\GitHub\Hello-world1\lpng1634\projects\vstudio\Project1\Debug\link.18832.read.1.tlog
D:\GitHub\Hello-world1\lpng1634\projects\vstudio\Project1\Debug\link.18832.write.1.tlog
D:\GitHub\Hello-world1\lpng1634\projects\vstudio\Project1\Debug\link.command.1.tlog
D:\GitHub\Hello-world1\lpng1634\projects\vstudio\Project1\Debug\link.read.1.tlog
D:\GitHub\Hello-world1\lpng1634\projects\vstudio\Project1\Debug\link.write.1.tlog
D:\GitHub\Hello-world1\lpng1634\projects\vstudio\Project1\Debug\vc110.idb
D:\GitHub\Hello-world1\lpng1634\projects\vstudio\Project1\Debug\vc110.pdb
